<?xml version="1.0" encoding="UTF-8"?>
<!-- Generated by org.testng.reporters.JUnitReportReporter -->
<testsuite hostname="DESKTOP-HDS34I6" failures="0" tests="1" name="com.dollardays.testcases.CreateAnAccountTest" time="19.346" errors="0" timestamp="2021-02-04T13:15:15 CST" skipped="0">
  <testcase classname="com.dollardays.testcases.CreateAnAccountTest" name="accountCreating" time="19.346"/>
  <system-out/>
</testsuite> <!-- com.dollardays.testcases.CreateAnAccountTest -->
