<?xml version="1.0" encoding="UTF-8"?>
<!-- Generated by org.testng.reporters.JUnitReportReporter -->
<testsuite hostname="DESKTOP-HDS34I6" failures="0" tests="1" name="com.dollardays.testcases.LoginTestcase" time="28.198" errors="0" timestamp="2021-02-04T08:16:54 CST" skipped="0">
  <testcase classname="com.dollardays.testcases.LoginTestcase" name="invokeLogin" time="28.198"/>
  <system-out/>
</testsuite> <!-- com.dollardays.testcases.LoginTestcase -->
